This file contains any messages produced by compilers while
running configure, to aid debugging if configure makes a mistake.

It was created by microcom configure 2025.11.0, which was
generated by GNU Autoconf 2.71.  Invocation command line was

  $ ./configure

## --------- ##
## Platform. ##
## --------- ##

hostname = xixun-31
uname -m = x86_64
uname -r = 6.17.0-35-generic
uname -s = Linux
uname -v = #35~24.04.1-Ubuntu SMP PREEMPT_DYNAMIC Tue May 26 19:30:42 UTC 2

/usr/bin/uname -p = x86_64
/bin/uname -X     = unknown

/bin/arch              = x86_64
/usr/bin/arch -k       = unknown
/usr/convex/getsysinfo = unknown
/usr/bin/hostinfo      = unknown
/bin/machine           = unknown
/usr/bin/oslevel       = unknown
/bin/universe          = unknown

PATH: /usr/local/gcc-arm/bin/
PATH: /home/xixun/.local/bin/
PATH: /home/xixun/.local/bin/
PATH: /home/xixun/.local/bin/
PATH: /usr/local/sbin/
PATH: /usr/local/bin/
PATH: /usr/sbin/
PATH: /usr/bin/
PATH: /sbin/
PATH: /bin/
PATH: /usr/games/
PATH: /usr/local/games/
PATH: /snap/bin/
PATH: /snap/bin/


## ----------- ##
## Core tests. ##
## ----------- ##

configure:2456: looking for aux files: config.guess config.sub compile missing install-sh
configure:2469:  trying ./build-aux/
configure:2498:   ./build-aux/config.guess found
configure:2498:   ./build-aux/config.sub found
configure:2498:   ./build-aux/compile found
configure:2498:   ./build-aux/missing found
configure:2480:   ./build-aux/install-sh found
configure:2629: checking for a BSD-compatible install
configure:2702: result: /usr/bin/install -c
configure:2713: checking whether build environment is sane
configure:2768: result: yes
configure:2927: checking for a race-free mkdir -p
configure:2971: result: /usr/bin/mkdir -p
configure:2978: checking for gawk
configure:3013: result: no
configure:2978: checking for mawk
configure:2999: found /usr/bin/mawk
configure:3010: result: mawk
configure:3021: checking whether make sets $(MAKE)
configure:3044: result: yes
configure:3074: checking whether make supports nested variables
configure:3092: result: yes
configure:3297: checking for gcc
configure:3318: found /usr/bin/gcc
configure:3329: result: gcc
configure:3682: checking for C compiler version
configure:3691: gcc --version >&5
gcc (Ubuntu 13.3.0-6ubuntu2~24.04.1) 13.3.0
Copyright (C) 2023 Free Software Foundation, Inc.
This is free software; see the source for copying conditions.  There is NO
warranty; not even for MERCHANTABILITY or FITNESS FOR A PARTICULAR PURPOSE.

configure:3702: $? = 0
configure:3691: gcc -v >&5
Using built-in specs.
COLLECT_GCC=gcc
COLLECT_LTO_WRAPPER=/usr/libexec/gcc/x86_64-linux-gnu/13/lto-wrapper
OFFLOAD_TARGET_NAMES=nvptx-none:amdgcn-amdhsa
OFFLOAD_TARGET_DEFAULT=1
Target: x86_64-linux-gnu
Configured with: ../src/configure -v --with-pkgversion='Ubuntu 13.3.0-6ubuntu2~24.04.1' --with-bugurl=file:///usr/share/doc/gcc-13/README.Bugs --enable-languages=c,ada,c++,go,d,fortran,objc,obj-c++,m2 --prefix=/usr --with-gcc-major-version-only --program-suffix=-13 --program-prefix=x86_64-linux-gnu- --enable-shared --enable-linker-build-id --libexecdir=/usr/libexec --without-included-gettext --enable-threads=posix --libdir=/usr/lib --enable-nls --enable-bootstrap --enable-clocale=gnu --enable-libstdcxx-debug --enable-libstdcxx-time=yes --with-default-libstdcxx-abi=new --enable-libstdcxx-backtrace --enable-gnu-unique-object --disable-vtable-verify --enable-plugin --enable-default-pie --with-system-zlib --enable-libphobos-checking=release --with-target-system-zlib=auto --enable-objc-gc=auto --enable-multiarch --disable-werror --enable-cet --with-arch-32=i686 --with-abi=m64 --with-multilib-list=m32,m64,mx32 --enable-multilib --with-tune=generic --enable-offload-targets=nvptx-none=/build/gcc-13-EldibY/gcc-13-13.3.0/debian/tmp-nvptx/usr,amdgcn-amdhsa=/build/gcc-13-EldibY/gcc-13-13.3.0/debian/tmp-gcn/usr --enable-offload-defaulted --without-cuda-driver --enable-checking=release --build=x86_64-linux-gnu --host=x86_64-linux-gnu --target=x86_64-linux-gnu --with-build-config=bootstrap-lto-lean --enable-link-serialization=2
Thread model: posix
Supported LTO compression algorithms: zlib zstd
gcc version 13.3.0 (Ubuntu 13.3.0-6ubuntu2~24.04.1) 
... rest of stderr output deleted ...
configure:3702: $? = 0
configure:3691: gcc -V >&5
gcc: error: unrecognized command-line option '-V'
gcc: fatal error: no input files
compilation terminated.
configure:3702: $? = 1
configure:3691: gcc -qversion >&5
gcc: error: unrecognized command-line option '-qversion'; did you mean '--version'?
gcc: fatal error: no input files
compilation terminated.
configure:3702: $? = 1
configure:3691: gcc -version >&5
gcc: error: unrecognized command-line option '-version'
gcc: fatal error: no input files
compilation terminated.
configure:3702: $? = 1
configure:3722: checking whether the C compiler works
configure:3744: gcc    conftest.c  >&5
configure:3748: $? = 0
configure:3798: result: yes
configure:3801: checking for C compiler default output file name
configure:3803: result: a.out
configure:3809: checking for suffix of executables
configure:3816: gcc -o conftest    conftest.c  >&5
configure:3820: $? = 0
configure:3843: result: 
configure:3865: checking whether we are cross compiling
configure:3873: gcc -o conftest    conftest.c  >&5
configure:3877: $? = 0
configure:3884: ./conftest
configure:3888: $? = 0
configure:3903: result: no
configure:3908: checking for suffix of object files
configure:3931: gcc -c   conftest.c >&5
configure:3935: $? = 0
configure:3957: result: o
configure:3961: checking whether the compiler supports GNU C
configure:3981: gcc -c   conftest.c >&5
configure:3981: $? = 0
configure:3991: result: yes
configure:4002: checking whether gcc accepts -g
configure:4023: gcc -c -g  conftest.c >&5
configure:4023: $? = 0
configure:4067: result: yes
configure:4087: checking for gcc option to enable C11 features
configure:4102: gcc  -c -g -O2  conftest.c >&5
configure:4102: $? = 0
configure:4120: result: none needed
configure:4236: checking whether gcc understands -c and -o together
configure:4259: gcc -c conftest.c -o conftest2.o
configure:4262: $? = 0
configure:4259: gcc -c conftest.c -o conftest2.o
configure:4262: $? = 0
configure:4274: result: yes
configure:4294: checking whether make supports the include directive
configure:4309: make -f confmf.GNU && cat confinc.out
this is the am__doit target
configure:4312: $? = 0
configure:4331: result: yes (GNU style)
configure:4357: checking dependency style of gcc
configure:4469: result: gcc3
configure:4493: checking for special C compiler options needed for large files
configure:4541: result: no
configure:4547: checking for _FILE_OFFSET_BITS value needed for large files
configure:4573: gcc -c -g -O2  conftest.c >&5
configure:4573: $? = 0
configure:4607: result: no
configure:4691: checking for library containing readline
configure:4721: gcc -o conftest -g -O2   conftest.c  >&5
/usr/bin/ld: /tmp/ccaFdnoS.o: in function `main':
/home/xixun/EE2405/Python/microcom-2025.11.0/conftest.c:19:(.text.startup+0xb): undefined reference to `readline'
collect2: error: ld returned 1 exit status
configure:4721: $? = 1
configure: failed program was:
| /* confdefs.h */
| #define PACKAGE_NAME "microcom"
| #define PACKAGE_TARNAME "microcom"
| #define PACKAGE_VERSION "2025.11.0"
| #define PACKAGE_STRING "microcom 2025.11.0"
| #define PACKAGE_BUGREPORT "oss-tools@pengutronix.de"
| #define PACKAGE_URL ""
| #define PACKAGE "microcom"
| #define VERSION "2025.11.0"
| /* end confdefs.h.  */
| 
| /* Override any GCC internal prototype to avoid an error.
|    Use char because int might match the return type of a GCC
|    builtin and then its argument prototype would still apply.  */
| char readline ();
| int
| main (void)
| {
| return readline ();
|   ;
|   return 0;
| }
configure:4721: gcc -o conftest -g -O2   conftest.c -lreadline   >&5
configure:4721: $? = 0
configure:4741: result: -lreadline
configure:4758: checking for stdio.h
configure:4758: gcc -c -g -O2  conftest.c >&5
configure:4758: $? = 0
configure:4758: result: yes
configure:4758: checking for stdlib.h
configure:4758: gcc -c -g -O2  conftest.c >&5
configure:4758: $? = 0
configure:4758: result: yes
configure:4758: checking for string.h
configure:4758: gcc -c -g -O2  conftest.c >&5
configure:4758: $? = 0
configure:4758: result: yes
configure:4758: checking for inttypes.h
configure:4758: gcc -c -g -O2  conftest.c >&5
configure:4758: $? = 0
configure:4758: result: yes
configure:4758: checking for stdint.h
configure:4758: gcc -c -g -O2  conftest.c >&5
configure:4758: $? = 0
configure:4758: result: yes
configure:4758: checking for strings.h
configure:4758: gcc -c -g -O2  conftest.c >&5
configure:4758: $? = 0
configure:4758: result: yes
configure:4758: checking for sys/stat.h
configure:4758: gcc -c -g -O2  conftest.c >&5
configure:4758: $? = 0
configure:4758: result: yes
configure:4758: checking for sys/types.h
configure:4758: gcc -c -g -O2  conftest.c >&5
configure:4758: $? = 0
configure:4758: result: yes
configure:4758: checking for unistd.h
configure:4758: gcc -c -g -O2  conftest.c >&5
configure:4758: $? = 0
configure:4758: result: yes
configure:4783: checking for arpa/inet.h
configure:4783: gcc -c -g -O2  conftest.c >&5
configure:4783: $? = 0
configure:4783: result: yes
configure:4789: checking for fcntl.h
configure:4789: gcc -c -g -O2  conftest.c >&5
configure:4789: $? = 0
configure:4789: result: yes
configure:4795: checking for limits.h
configure:4795: gcc -c -g -O2  conftest.c >&5
configure:4795: $? = 0
configure:4795: result: yes
configure:4801: checking for netdb.h
configure:4801: gcc -c -g -O2  conftest.c >&5
configure:4801: $? = 0
configure:4801: result: yes
configure:4807: checking for netinet/in.h
configure:4807: gcc -c -g -O2  conftest.c >&5
configure:4807: $? = 0
configure:4807: result: yes
configure:4813: checking for stdint.h
configure:4813: result: yes
configure:4819: checking for stdlib.h
configure:4819: result: yes
configure:4825: checking for string.h
configure:4825: result: yes
configure:4831: checking for sys/file.h
configure:4831: gcc -c -g -O2  conftest.c >&5
configure:4831: $? = 0
configure:4831: result: yes
configure:4837: checking for sys/ioctl.h
configure:4837: gcc -c -g -O2  conftest.c >&5
configure:4837: $? = 0
configure:4837: result: yes
configure:4843: checking for sys/socket.h
configure:4843: gcc -c -g -O2  conftest.c >&5
configure:4843: $? = 0
configure:4843: result: yes
configure:4849: checking for sys/time.h
configure:4849: gcc -c -g -O2  conftest.c >&5
configure:4849: $? = 0
configure:4849: result: yes
configure:4855: checking for termios.h
configure:4855: gcc -c -g -O2  conftest.c >&5
configure:4855: $? = 0
configure:4855: result: yes
configure:4861: checking for unistd.h
configure:4861: result: yes
configure:4868: checking for _Bool
configure:4868: gcc -c -g -O2  conftest.c >&5
configure:4868: $? = 0
configure:4868: gcc -c -g -O2  conftest.c >&5
conftest.c: In function 'main':
conftest.c:66:20: error: expected expression before ')' token
   66 | if (sizeof ((_Bool)))
      |                    ^
configure:4868: $? = 1
configure: failed program was:
| /* confdefs.h */
| #define PACKAGE_NAME "microcom"
| #define PACKAGE_TARNAME "microcom"
| #define PACKAGE_VERSION "2025.11.0"
| #define PACKAGE_STRING "microcom 2025.11.0"
| #define PACKAGE_BUGREPORT "oss-tools@pengutronix.de"
| #define PACKAGE_URL ""
| #define PACKAGE "microcom"
| #define VERSION "2025.11.0"
| #define HAVE_STDIO_H 1
| #define HAVE_STDLIB_H 1
| #define HAVE_STRING_H 1
| #define HAVE_INTTYPES_H 1
| #define HAVE_STDINT_H 1
| #define HAVE_STRINGS_H 1
| #define HAVE_SYS_STAT_H 1
| #define HAVE_SYS_TYPES_H 1
| #define HAVE_UNISTD_H 1
| #define STDC_HEADERS 1
| #define HAVE_ARPA_INET_H 1
| #define HAVE_FCNTL_H 1
| #define HAVE_LIMITS_H 1
| #define HAVE_NETDB_H 1
| #define HAVE_NETINET_IN_H 1
| #define HAVE_STDINT_H 1
| #define HAVE_STDLIB_H 1
| #define HAVE_STRING_H 1
| #define HAVE_SYS_FILE_H 1
| #define HAVE_SYS_IOCTL_H 1
| #define HAVE_SYS_SOCKET_H 1
| #define HAVE_SYS_TIME_H 1
| #define HAVE_TERMIOS_H 1
| #define HAVE_UNISTD_H 1
| /* end confdefs.h.  */
| #include <stddef.h>
| #ifdef HAVE_STDIO_H
| # include <stdio.h>
| #endif
| #ifdef HAVE_STDLIB_H
| # include <stdlib.h>
| #endif
| #ifdef HAVE_STRING_H
| # include <string.h>
| #endif
| #ifdef HAVE_INTTYPES_H
| # include <inttypes.h>
| #endif
| #ifdef HAVE_STDINT_H
| # include <stdint.h>
| #endif
| #ifdef HAVE_STRINGS_H
| # include <strings.h>
| #endif
| #ifdef HAVE_SYS_TYPES_H
| # include <sys/types.h>
| #endif
| #ifdef HAVE_SYS_STAT_H
| # include <sys/stat.h>
| #endif
| #ifdef HAVE_UNISTD_H
| # include <unistd.h>
| #endif
| int
| main (void)
| {
| if (sizeof ((_Bool)))
| 	    return 0;
|   ;
|   return 0;
| }
configure:4868: result: yes
configure:4877: checking for stdbool.h that conforms to C99
configure:4993: gcc -c -g -O2  conftest.c >&5
configure:4993: $? = 0
configure:5001: result: yes
configure:5006: checking for size_t
configure:5006: gcc -c -g -O2  conftest.c >&5
configure:5006: $? = 0
configure:5006: gcc -c -g -O2  conftest.c >&5
conftest.c: In function 'main':
conftest.c:67:21: error: expected expression before ')' token
   67 | if (sizeof ((size_t)))
      |                     ^
configure:5006: $? = 1
configure: failed program was:
| /* confdefs.h */
| #define PACKAGE_NAME "microcom"
| #define PACKAGE_TARNAME "microcom"
| #define PACKAGE_VERSION "2025.11.0"
| #define PACKAGE_STRING "microcom 2025.11.0"
| #define PACKAGE_BUGREPORT "oss-tools@pengutronix.de"
| #define PACKAGE_URL ""
| #define PACKAGE "microcom"
| #define VERSION "2025.11.0"
| #define HAVE_STDIO_H 1
| #define HAVE_STDLIB_H 1
| #define HAVE_STRING_H 1
| #define HAVE_INTTYPES_H 1
| #define HAVE_STDINT_H 1
| #define HAVE_STRINGS_H 1
| #define HAVE_SYS_STAT_H 1
| #define HAVE_SYS_TYPES_H 1
| #define HAVE_UNISTD_H 1
| #define STDC_HEADERS 1
| #define HAVE_ARPA_INET_H 1
| #define HAVE_FCNTL_H 1
| #define HAVE_LIMITS_H 1
| #define HAVE_NETDB_H 1
| #define HAVE_NETINET_IN_H 1
| #define HAVE_STDINT_H 1
| #define HAVE_STDLIB_H 1
| #define HAVE_STRING_H 1
| #define HAVE_SYS_FILE_H 1
| #define HAVE_SYS_IOCTL_H 1
| #define HAVE_SYS_SOCKET_H 1
| #define HAVE_SYS_TIME_H 1
| #define HAVE_TERMIOS_H 1
| #define HAVE_UNISTD_H 1
| #define HAVE__BOOL 1
| /* end confdefs.h.  */
| #include <stddef.h>
| #ifdef HAVE_STDIO_H
| # include <stdio.h>
| #endif
| #ifdef HAVE_STDLIB_H
| # include <stdlib.h>
| #endif
| #ifdef HAVE_STRING_H
| # include <string.h>
| #endif
| #ifdef HAVE_INTTYPES_H
| # include <inttypes.h>
| #endif
| #ifdef HAVE_STDINT_H
| # include <stdint.h>
| #endif
| #ifdef HAVE_STRINGS_H
| # include <strings.h>
| #endif
| #ifdef HAVE_SYS_TYPES_H
| # include <sys/types.h>
| #endif
| #ifdef HAVE_SYS_STAT_H
| # include <sys/stat.h>
| #endif
| #ifdef HAVE_UNISTD_H
| # include <unistd.h>
| #endif
| int
| main (void)
| {
| if (sizeof ((size_t)))
| 	    return 0;
|   ;
|   return 0;
| }
configure:5006: result: yes
configure:5016: checking for uint16_t
configure:5016: gcc -c -g -O2  conftest.c >&5
configure:5016: $? = 0
configure:5016: result: yes
configure:5026: checking for uint32_t
configure:5026: gcc -c -g -O2  conftest.c >&5
configure:5026: $? = 0
configure:5026: result: yes
configure:5038: checking for uint8_t
configure:5038: gcc -c -g -O2  conftest.c >&5
configure:5038: $? = 0
configure:5038: result: yes
configure:5050: checking for ssize_t
configure:5050: gcc -c -g -O2  conftest.c >&5
configure:5050: $? = 0
configure:5050: gcc -c -g -O2  conftest.c >&5
conftest.c: In function 'main':
conftest.c:67:22: error: expected expression before ')' token
   67 | if (sizeof ((ssize_t)))
      |                      ^
configure:5050: $? = 1
configure: failed program was:
| /* confdefs.h */
| #define PACKAGE_NAME "microcom"
| #define PACKAGE_TARNAME "microcom"
| #define PACKAGE_VERSION "2025.11.0"
| #define PACKAGE_STRING "microcom 2025.11.0"
| #define PACKAGE_BUGREPORT "oss-tools@pengutronix.de"
| #define PACKAGE_URL ""
| #define PACKAGE "microcom"
| #define VERSION "2025.11.0"
| #define HAVE_STDIO_H 1
| #define HAVE_STDLIB_H 1
| #define HAVE_STRING_H 1
| #define HAVE_INTTYPES_H 1
| #define HAVE_STDINT_H 1
| #define HAVE_STRINGS_H 1
| #define HAVE_SYS_STAT_H 1
| #define HAVE_SYS_TYPES_H 1
| #define HAVE_UNISTD_H 1
| #define STDC_HEADERS 1
| #define HAVE_ARPA_INET_H 1
| #define HAVE_FCNTL_H 1
| #define HAVE_LIMITS_H 1
| #define HAVE_NETDB_H 1
| #define HAVE_NETINET_IN_H 1
| #define HAVE_STDINT_H 1
| #define HAVE_STDLIB_H 1
| #define HAVE_STRING_H 1
| #define HAVE_SYS_FILE_H 1
| #define HAVE_SYS_IOCTL_H 1
| #define HAVE_SYS_SOCKET_H 1
| #define HAVE_SYS_TIME_H 1
| #define HAVE_TERMIOS_H 1
| #define HAVE_UNISTD_H 1
| #define HAVE__BOOL 1
| /* end confdefs.h.  */
| #include <stddef.h>
| #ifdef HAVE_STDIO_H
| # include <stdio.h>
| #endif
| #ifdef HAVE_STDLIB_H
| # include <stdlib.h>
| #endif
| #ifdef HAVE_STRING_H
| # include <string.h>
| #endif
| #ifdef HAVE_INTTYPES_H
| # include <inttypes.h>
| #endif
| #ifdef HAVE_STDINT_H
| # include <stdint.h>
| #endif
| #ifdef HAVE_STRINGS_H
| # include <strings.h>
| #endif
| #ifdef HAVE_SYS_TYPES_H
| # include <sys/types.h>
| #endif
| #ifdef HAVE_SYS_STAT_H
| # include <sys/stat.h>
| #endif
| #ifdef HAVE_UNISTD_H
| # include <unistd.h>
| #endif
| int
| main (void)
| {
| if (sizeof ((ssize_t)))
| 	    return 0;
|   ;
|   return 0;
| }
configure:5050: result: yes
configure:5068: checking build system type
configure:5083: result: x86_64-pc-linux-gnu
configure:5103: checking host system type
configure:5117: result: x86_64-pc-linux-gnu
configure:5137: checking for GNU libc compatible malloc
configure:5169: gcc -o conftest -g -O2   conftest.c -lreadline  >&5
configure:5169: $? = 0
configure:5169: ./conftest
configure:5169: $? = 0
configure:5180: result: yes
configure:5202: checking for dup2
configure:5202: gcc -o conftest -g -O2   conftest.c -lreadline  >&5
configure:5202: $? = 0
configure:5202: result: yes
configure:5208: checking for memset
configure:5208: gcc -o conftest -g -O2   conftest.c -lreadline  >&5
conftest.c:54:6: warning: conflicting types for built-in function 'memset'; expected 'void *(void *, int,  long unsigned int)' [-Wbuiltin-declaration-mismatch]
   54 | char memset ();
      |      ^~~~~~
conftest.c:46:1: note: 'memset' is declared in header '<string.h>'
   45 | #include <limits.h>
   46 | #undef memset
configure:5208: $? = 0
configure:5208: result: yes
configure:5214: checking for select
configure:5214: gcc -o conftest -g -O2   conftest.c -lreadline  >&5
configure:5214: $? = 0
configure:5214: result: yes
configure:5220: checking for socket
configure:5220: gcc -o conftest -g -O2   conftest.c -lreadline  >&5
configure:5220: $? = 0
configure:5220: result: yes
configure:5226: checking for strchr
configure:5226: gcc -o conftest -g -O2   conftest.c -lreadline  >&5
conftest.c:57:6: warning: conflicting types for built-in function 'strchr'; expected 'char *(const char *, int)' [-Wbuiltin-declaration-mismatch]
   57 | char strchr ();
      |      ^~~~~~
conftest.c:49:1: note: 'strchr' is declared in header '<string.h>'
   48 | #include <limits.h>
   49 | #undef strchr
configure:5226: $? = 0
configure:5226: result: yes
configure:5232: checking for strerror
configure:5232: gcc -o conftest -g -O2   conftest.c -lreadline  >&5
configure:5232: $? = 0
configure:5232: result: yes
configure:5238: checking for strrchr
configure:5238: gcc -o conftest -g -O2   conftest.c -lreadline  >&5
conftest.c:59:6: warning: conflicting types for built-in function 'strrchr'; expected 'char *(const char *, int)' [-Wbuiltin-declaration-mismatch]
   59 | char strrchr ();
      |      ^~~~~~~
conftest.c:51:1: note: 'strrchr' is declared in header '<string.h>'
   50 | #include <limits.h>
   51 | #undef strrchr
configure:5238: $? = 0
configure:5238: result: yes
configure:5244: checking for strtol
configure:5244: gcc -o conftest -g -O2   conftest.c -lreadline  >&5
configure:5244: $? = 0
configure:5244: result: yes
configure:5250: checking for strtoul
configure:5250: gcc -o conftest -g -O2   conftest.c -lreadline  >&5
configure:5250: $? = 0
configure:5250: result: yes
configure:5272: checking for linux/can.h
configure:5272: gcc -c -g -O2  conftest.c >&5
configure:5272: $? = 0
configure:5272: result: yes
configure:5272: checking for linux/can/raw.h
configure:5272: gcc -c -g -O2  conftest.c >&5
configure:5272: $? = 0
configure:5272: result: yes
configure:5416: checking that generated files are newer than configure
configure:5422: result: done
configure:5449: creating ./config.status

## ---------------------- ##
## Running config.status. ##
## ---------------------- ##

This file was extended by microcom config.status 2025.11.0, which was
generated by GNU Autoconf 2.71.  Invocation command line was

  CONFIG_FILES    = 
  CONFIG_HEADERS  = 
  CONFIG_LINKS    = 
  CONFIG_COMMANDS = 
  $ ./config.status 

on xixun-31

config.status:884: creating Makefile
config.status:884: creating config.h
config.status:1113: executing depfiles commands
config.status:1190: cd .       && sed -e '/# am--include-marker/d' Makefile         | make -f - am--depfiles
config.status:1195: $? = 0

## ---------------- ##
## Cache variables. ##
## ---------------- ##

ac_cv_build=x86_64-pc-linux-gnu
ac_cv_c_compiler_gnu=yes
ac_cv_c_uint16_t=yes
ac_cv_c_uint32_t=yes
ac_cv_c_uint8_t=yes
ac_cv_env_CC_set=
ac_cv_env_CC_value=
ac_cv_env_CFLAGS_set=
ac_cv_env_CFLAGS_value=
ac_cv_env_CPPFLAGS_set=
ac_cv_env_CPPFLAGS_value=
ac_cv_env_LDFLAGS_set=
ac_cv_env_LDFLAGS_value=
ac_cv_env_LIBS_set=
ac_cv_env_LIBS_value=
ac_cv_env_build_alias_set=
ac_cv_env_build_alias_value=
ac_cv_env_host_alias_set=
ac_cv_env_host_alias_value=
ac_cv_env_target_alias_set=
ac_cv_env_target_alias_value=
ac_cv_func_dup2=yes
ac_cv_func_malloc_0_nonnull=yes
ac_cv_func_memset=yes
ac_cv_func_select=yes
ac_cv_func_socket=yes
ac_cv_func_strchr=yes
ac_cv_func_strerror=yes
ac_cv_func_strrchr=yes
ac_cv_func_strtol=yes
ac_cv_func_strtoul=yes
ac_cv_header_arpa_inet_h=yes
ac_cv_header_fcntl_h=yes
ac_cv_header_inttypes_h=yes
ac_cv_header_limits_h=yes
ac_cv_header_linux_can_h=yes
ac_cv_header_linux_can_raw_h=yes
ac_cv_header_netdb_h=yes
ac_cv_header_netinet_in_h=yes
ac_cv_header_stdbool_h=yes
ac_cv_header_stdint_h=yes
ac_cv_header_stdio_h=yes
ac_cv_header_stdlib_h=yes
ac_cv_header_string_h=yes
ac_cv_header_strings_h=yes
ac_cv_header_sys_file_h=yes
ac_cv_header_sys_ioctl_h=yes
ac_cv_header_sys_socket_h=yes
ac_cv_header_sys_stat_h=yes
ac_cv_header_sys_time_h=yes
ac_cv_header_sys_types_h=yes
ac_cv_header_termios_h=yes
ac_cv_header_unistd_h=yes
ac_cv_host=x86_64-pc-linux-gnu
ac_cv_objext=o
ac_cv_path_install='/usr/bin/install -c'
ac_cv_path_mkdir=/usr/bin/mkdir
ac_cv_prog_AWK=mawk
ac_cv_prog_ac_ct_CC=gcc
ac_cv_prog_cc_c11=
ac_cv_prog_cc_g=yes
ac_cv_prog_cc_stdc=
ac_cv_prog_make_make_set=yes
ac_cv_search_readline=-lreadline
ac_cv_sys_file_offset_bits=no
ac_cv_sys_largefile_CC=no
ac_cv_type__Bool=yes
ac_cv_type_size_t=yes
ac_cv_type_ssize_t=yes
am_cv_CC_dependencies_compiler_type=gcc3
am_cv_make_support_nested_variables=yes
am_cv_prog_cc_c_o=yes

## ----------------- ##
## Output variables. ##
## ----------------- ##

ACLOCAL='${SHELL} '\''/home/xixun/EE2405/Python/microcom-2025.11.0/build-aux/missing'\'' aclocal-1.16'
AMDEPBACKSLASH='\'
AMDEP_FALSE='#'
AMDEP_TRUE=''
AMTAR='$${TAR-tar}'
AM_BACKSLASH='\'
AM_DEFAULT_V='$(AM_DEFAULT_VERBOSITY)'
AM_DEFAULT_VERBOSITY='1'
AM_V='$(V)'
AUTOCONF='${SHELL} '\''/home/xixun/EE2405/Python/microcom-2025.11.0/build-aux/missing'\'' autoconf'
AUTOHEADER='${SHELL} '\''/home/xixun/EE2405/Python/microcom-2025.11.0/build-aux/missing'\'' autoheader'
AUTOMAKE='${SHELL} '\''/home/xixun/EE2405/Python/microcom-2025.11.0/build-aux/missing'\'' automake-1.16'
AWK='mawk'
CAN_FALSE='#'
CAN_TRUE=''
CC='gcc'
CCDEPMODE='depmode=gcc3'
CFLAGS='-g -O2'
CPPFLAGS=''
CSCOPE='cscope'
CTAGS='ctags'
CYGPATH_W='echo'
DEFS='-DHAVE_CONFIG_H'
DEPDIR='.deps'
ECHO_C=''
ECHO_N='-n'
ECHO_T=''
ETAGS='etags'
EXEEXT=''
INSTALL_DATA='${INSTALL} -m 644'
INSTALL_PROGRAM='${INSTALL}'
INSTALL_SCRIPT='${INSTALL}'
INSTALL_STRIP_PROGRAM='$(install_sh) -c -s'
LDFLAGS=''
LIBOBJS=''
LIBS='-lreadline '
LTLIBOBJS=''
MAKEINFO='${SHELL} '\''/home/xixun/EE2405/Python/microcom-2025.11.0/build-aux/missing'\'' makeinfo'
MKDIR_P='/usr/bin/mkdir -p'
OBJEXT='o'
PACKAGE='microcom'
PACKAGE_BUGREPORT='oss-tools@pengutronix.de'
PACKAGE_NAME='microcom'
PACKAGE_STRING='microcom 2025.11.0'
PACKAGE_TARNAME='microcom'
PACKAGE_URL=''
PACKAGE_VERSION='2025.11.0'
PATH_SEPARATOR=':'
SET_MAKE=''
SHELL='/bin/bash'
STRIP=''
VERSION='2025.11.0'
ac_ct_CC='gcc'
am__EXEEXT_FALSE=''
am__EXEEXT_TRUE='#'
am__fastdepCC_FALSE='#'
am__fastdepCC_TRUE=''
am__include='include'
am__isrc=''
am__leading_dot='.'
am__nodep='_no'
am__quote=''
am__tar='$${TAR-tar} chof - "$$tardir"'
am__untar='$${TAR-tar} xf -'
bindir='${exec_prefix}/bin'
build='x86_64-pc-linux-gnu'
build_alias=''
build_cpu='x86_64'
build_os='linux-gnu'
build_vendor='pc'
datadir='${datarootdir}'
datarootdir='${prefix}/share'
docdir='${datarootdir}/doc/${PACKAGE_TARNAME}'
dvidir='${docdir}'
exec_prefix='${prefix}'
host='x86_64-pc-linux-gnu'
host_alias=''
host_cpu='x86_64'
host_os='linux-gnu'
host_vendor='pc'
htmldir='${docdir}'
includedir='${prefix}/include'
infodir='${datarootdir}/info'
install_sh='${SHELL} /home/xixun/EE2405/Python/microcom-2025.11.0/build-aux/install-sh'
libdir='${exec_prefix}/lib'
libexecdir='${exec_prefix}/libexec'
localedir='${datarootdir}/locale'
localstatedir='${prefix}/var'
mandir='${datarootdir}/man'
mkdir_p='$(MKDIR_P)'
oldincludedir='/usr/include'
pdfdir='${docdir}'
prefix='/usr/local'
program_transform_name='s,x,x,'
psdir='${docdir}'
runstatedir='${localstatedir}/run'
sbindir='${exec_prefix}/sbin'
sharedstatedir='${prefix}/com'
sysconfdir='${prefix}/etc'
target_alias=''

## ----------- ##
## confdefs.h. ##
## ----------- ##

/* confdefs.h */
#define PACKAGE_NAME "microcom"
#define PACKAGE_TARNAME "microcom"
#define PACKAGE_VERSION "2025.11.0"
#define PACKAGE_STRING "microcom 2025.11.0"
#define PACKAGE_BUGREPORT "oss-tools@pengutronix.de"
#define PACKAGE_URL ""
#define PACKAGE "microcom"
#define VERSION "2025.11.0"
#define HAVE_STDIO_H 1
#define HAVE_STDLIB_H 1
#define HAVE_STRING_H 1
#define HAVE_INTTYPES_H 1
#define HAVE_STDINT_H 1
#define HAVE_STRINGS_H 1
#define HAVE_SYS_STAT_H 1
#define HAVE_SYS_TYPES_H 1
#define HAVE_UNISTD_H 1
#define STDC_HEADERS 1
#define HAVE_ARPA_INET_H 1
#define HAVE_FCNTL_H 1
#define HAVE_LIMITS_H 1
#define HAVE_NETDB_H 1
#define HAVE_NETINET_IN_H 1
#define HAVE_STDINT_H 1
#define HAVE_STDLIB_H 1
#define HAVE_STRING_H 1
#define HAVE_SYS_FILE_H 1
#define HAVE_SYS_IOCTL_H 1
#define HAVE_SYS_SOCKET_H 1
#define HAVE_SYS_TIME_H 1
#define HAVE_TERMIOS_H 1
#define HAVE_UNISTD_H 1
#define HAVE__BOOL 1
#define HAVE_MALLOC 1
#define HAVE_DUP2 1
#define HAVE_MEMSET 1
#define HAVE_SELECT 1
#define HAVE_SOCKET 1
#define HAVE_STRCHR 1
#define HAVE_STRERROR 1
#define HAVE_STRRCHR 1
#define HAVE_STRTOL 1
#define HAVE_STRTOUL 1
#define HAVE_LINUX_CAN_H 1
#define HAVE_LINUX_CAN_RAW_H 1
#define USE_CAN 1

configure: exit 0
